 - - [24/May/2021:08:40:24 +0000] "GET / HTTP/1.0" 500 145 "-" "Mozilla/5.0 (Windows NT 10.0; Win64; x64) AppleWebKit/537.36 (KHTML, like Gecko) Chrome/90.0.4430.212 Safari/537.36"
 - - [24/May/2021:08:42:43 +0000] "GET / HTTP/1.0" 500 145 "-" "Mozilla/5.0 (Windows NT 10.0; Win64; x64) AppleWebKit/537.36 (KHTML, like Gecko) Chrome/90.0.4430.212 Safari/537.36"
 - - [24/May/2021:08:52:20 +0000] "GET / HTTP/1.0" 500 145 "-" "Mozilla/5.0 (Windows NT 10.0; Win64; x64) AppleWebKit/537.36 (KHTML, like Gecko) Chrome/90.0.4430.212 Safari/537.36"
 - - [24/May/2021:08:52:23 +0000] "GET / HTTP/1.0" 500 145 "-" "Mozilla/5.0 (Windows NT 10.0; Win64; x64) AppleWebKit/537.36 (KHTML, like Gecko) Chrome/90.0.4430.212 Safari/537.36"
 - - [24/May/2021:09:12:36 +0000] "GET / HTTP/1.0" 500 145 "-" "Mozilla/5.0 (X11; Linux x86_64) AppleWebKit/537.36 (KHTML, like Gecko) Chrome/83.0.4103.97 Safari/537.36"
 - - [24/May/2021:09:14:36 +0000] "GET / HTTP/1.0" 500 145 "-" "Mozilla/5.0 (X11; Linux x86_64) AppleWebKit/537.36 (KHTML, like Gecko) Chrome/83.0.4103.97 Safari/537.36"
 - - [24/May/2021:09:14:41 +0000] "GET / HTTP/1.0" 500 145 "-" "Mozilla/5.0 (X11; Linux x86_64) AppleWebKit/537.36 (KHTML, like Gecko) Chrome/83.0.4103.97 Safari/537.36"
 - - [24/May/2021:09:29:48 +0000] "GET / HTTP/1.0" 500 145 "-" "-"
 - - [24/May/2021:09:53:04 +0000] "GET / HTTP/1.0" 500 145 "-" "Mozilla/5.0 (Windows NT 10.0; Win64; x64) AppleWebKit/537.36 (KHTML, like Gecko) Chrome/60.0.3112.113 Safari/537.36"
 - - [24/May/2021:10:11:21 +0000] "GET / HTTP/1.0" 200 36145 "-" "Mozilla/5.0 (Windows NT 10.0; Win64; x64) AppleWebKit/537.36 (KHTML, like Gecko) Chrome/90.0.4430.212 Safari/537.36"
 - - [24/May/2021:10:12:13 +0000] "GET / HTTP/1.0" 200 36145 "-" "Mozilla/5.0 (Windows NT 10.0; Win64; x64) AppleWebKit/537.36 (KHTML, like Gecko) Chrome/90.0.4430.212 Safari/537.36"
 - - [24/May/2021:10:12:46 +0000] "GET / HTTP/1.0" 200 36145 "-" "Mozilla/5.0 (Windows NT 10.0; Win64; x64) AppleWebKit/537.36 (KHTML, like Gecko) Chrome/90.0.4430.212 Safari/537.36"
 - - [24/May/2021:10:14:13 +0000] "GET / HTTP/1.0" 200 36145 "-" "Mozilla/5.0 (Windows NT 10.0; Win64; x64) AppleWebKit/537.36 (KHTML, like Gecko) Chrome/90.0.4430.212 Safari/537.36"
 - - [24/May/2021:10:14:42 +0000] "GET / HTTP/1.0" 200 36145 "-" "Mozilla/5.0 (Windows NT 10.0; Win64; x64) AppleWebKit/537.36 (KHTML, like Gecko) Chrome/90.0.4430.212 Safari/537.36"
 - - [24/May/2021:10:14:51 +0000] "GET / HTTP/1.0" 200 36145 "-" "Mozilla/5.0 (Macintosh; Intel Mac OS X 10_14_6) AppleWebKit/537.36 (KHTML, like Gecko) Chrome/88.0.4324.175 Safari/537.36 Chrome-Lighthouse"
 - - [24/May/2021:10:14:52 +0000] "GET / HTTP/1.0" 200 36145 "-" "Mozilla/5.0 (Linux; Android 7.0; Moto G (4)) AppleWebKit/537.36 (KHTML, like Gecko) Chrome/88.0.4324.175 Mobile Safari/537.36 Chrome-Lighthouse"
 - - [24/May/2021:10:15:01 +0000] "GET / HTTP/1.0" 200 36145 "-" "Mozilla/5.0 (Macintosh; Intel Mac OS X 10_14_6) AppleWebKit/537.36 (KHTML, like Gecko) Chrome/88.0.4324.175 Safari/537.36 Chrome-Lighthouse"
 - - [24/May/2021:10:15:04 +0000] "GET / HTTP/1.0" 200 36145 "-" "Mozilla/5.0 (Linux; Android 7.0; Moto G (4)) AppleWebKit/537.36 (KHTML, like Gecko) Chrome/88.0.4324.175 Mobile Safari/537.36 Chrome-Lighthouse"
 - - [24/May/2021:10:16:23 +0000] "GET / HTTP/1.0" 200 36145 "-" "Mozilla/5.0 (Windows NT 10.0; Win64; x64) AppleWebKit/537.36 (KHTML, like Gecko) Chrome/90.0.4430.212 Safari/537.36"
 - - [24/May/2021:10:16:49 +0000] "GET / HTTP/1.0" 200 36145 "-" "Mozilla/5.0 (Windows NT 10.0; Win64; x64) AppleWebKit/537.36 (KHTML, like Gecko) Chrome/90.0.4430.212 Safari/537.36"
 - - [24/May/2021:10:17:04 +0000] "GET / HTTP/1.0" 200 36145 "-" "Mozilla/5.0 (Windows NT 10.0; Win64; x64) AppleWebKit/537.36 (KHTML, like Gecko) Chrome/90.0.4430.212 Safari/537.36"
 - - [24/May/2021:10:18:11 +0000] "GET / HTTP/1.0" 200 36145 "-" "Mozilla/5.0 (Windows NT 10.0; Win64; x64) AppleWebKit/537.36 (KHTML, like Gecko) Chrome/90.0.4430.212 Safari/537.36"
 - - [24/May/2021:10:25:52 +0000] "GET / HTTP/1.0" 200 32323 "-" "Mozilla/5.0 (Windows NT 10.0; Win64; x64) AppleWebKit/537.36 (KHTML, like Gecko) Chrome/90.0.4430.212 Safari/537.36"
 - - [24/May/2021:10:26:09 +0000] "GET / HTTP/1.0" 200 32323 "-" "Mozilla/5.0 (Windows NT 10.0; Win64; x64) AppleWebKit/537.36 (KHTML, like Gecko) Chrome/90.0.4430.212 Safari/537.36"
 - - [24/May/2021:10:26:27 +0000] "GET / HTTP/1.0" 200 32323 "-" "Mozilla/5.0 (Windows NT 10.0; Win64; x64) AppleWebKit/537.36 (KHTML, like Gecko) Chrome/90.0.4430.212 Safari/537.36"
 - - [24/May/2021:10:52:17 +0000] "GET / HTTP/1.0" 200 32323 "android-app://org.telegram.messenger/" "Mozilla/5.0 (Linux; Android 11; SM-G973F) AppleWebKit/537.36 (KHTML, like Gecko) Chrome/90.0.4430.210 Mobile Safari/537.36"
 - - [24/May/2021:11:11:23 +0000] "GET / HTTP/1.0" 200 32323 "-" "Mozilla/5.0 (Windows NT 6.1; Win64; x64) AppleWebKit/537.36 (KHTML, like Gecko) Chrome/83.0.4103.61 Safari/537.36"
 - - [24/May/2021:11:11:29 +0000] "GET / HTTP/1.0" 200 32323 "-" "Mozilla/5.0 (Windows NT 10.0; Win64; x64) AppleWebKit/537.36 (KHTML, like Gecko) Chrome/79.0.3945.79 Safari/537.36"
